[handleMsg]:  {
  key: {
    remoteJid: '584122888355@s.whatsapp.net',
    fromMe: false,
    id: 'ACB5F542A7132608CA56235C5D57ADD1',
    participant: undefined
  },
  messageTimestamp: 1758205498,
  pushName: 'Jhonny Moncada',
  broadcast: false,
  message: Message {
    conversation: 'Hola',
    messageContextInfo: MessageContextInfo {
      deviceListMetadata: [DeviceListMetadata],
      deviceListMetadataVersion: 2,
      messageSecret: [Uint8Array]
    }
  },
  body: 'Hola',
  name: 'Jhonny Moncada',
  from: '584122888355'
}
[QUEUE_SE_ENVIO]:  {
  ref: 'ans_b36c194b-49d5-4f68-9011-df101bfd6abc',
  keyword: 'key_69d271f6-4312-4260-8741-3d981548b32e',
  answer: '👋 ¡Bienvenido(a) a Administradora Serdeco C.A.!\n' +
    'Estamos aquí para ayudarte con la gestión y pagos de tus servicios de Aseo Urbano y Relleno Sanitario.\n' +
    'Escribe *Menu* para ver las opciones disponibles.',
  options: {
    media: undefined,
    buttons: [],
    capture: true,
    delay: 0,
    idle: undefined,
    ref: undefined,
    nested: [],
    keyword: {},
    callback: false
  },
  refSerialize: 'efa9fd62e3b568165087303806bb8aa4'
}
[handleMsg]:  {
  key: {
    remoteJid: '584122888355@s.whatsapp.net',
    fromMe: false,
    id: 'ACB93C9C04A41B0C0C150D1C0BBE6361',
    participant: undefined
  },
  messageTimestamp: 1758205501,
  pushName: 'Jhonny Moncada',
  broadcast: false,
  message: Message {
    conversation: 'Menu',
    messageContextInfo: MessageContextInfo {
      deviceListMetadata: [DeviceListMetadata],
      deviceListMetadataVersion: 2,
      messageSecret: [Uint8Array]
    }
  },
  body: 'Menu',
  name: 'Jhonny Moncada',
  from: '584122888355'
}
[QUEUE_SE_ENVIO]:  {
  ref: 'ans_ccf2b63b-6081-4dec-944c-fcd005bea01f',
  keyword: 'key_aace13ee-2698-4d67-95e7-db2ca107762a',
  answer: '¿Qué deseas hacer?\n1️⃣ Ver Deuda\n2️⃣ Consultar mi Cuenta Contrato',
  options: {
    media: undefined,
    buttons: [],
    capture: false,
    delay: 0,
    idle: undefined,
    ref: undefined,
    nested: [],
    keyword: {},
    callback: false
  },
  refSerialize: '8315a4020794d232db9ba5d7d304c3f2'
}
[handleMsg]:  {
  key: {
    remoteJid: '584122888355@s.whatsapp.net',
    fromMe: false,
    id: 'AC0371A38EBEA795D045B7E04BA937FE',
    participant: undefined
  },
  messageTimestamp: 1758205504,
  pushName: 'Jhonny Moncada',
  broadcast: false,
  message: Message {
    conversation: '1',
    messageContextInfo: MessageContextInfo {
      deviceListMetadata: [DeviceListMetadata],
      deviceListMetadataVersion: 2,
      messageSecret: [Uint8Array]
    }
  },
  body: '1',
  name: 'Jhonny Moncada',
  from: '584122888355'
}
[QUEUE_SE_ENVIO]:  {
  ref: 'ans_8ac5cb49-5bfc-41c7-bc8c-1d9c307e49f6',
  keyword: 'key_a3c004b7-ed44-4101-ac6c-d957558e36f7',
  answer: '🔢 Ingresa tu número de cuenta contrato de 12 dígitos:',
  options: {
    media: undefined,
    buttons: [],
    capture: true,
    delay: 0,
    idle: undefined,
    ref: undefined,
    nested: [],
    keyword: {},
    callback: false
  },
  refSerialize: '9837a170adcbe1ce25bdfd1745653151'
}
[handleMsg]:  {
  key: {
    remoteJid: '584122888355@s.whatsapp.net',
    fromMe: false,
    id: 'ACE9FBB140701B51E3240ACC567D0A5F',
    participant: undefined
  },
  messageTimestamp: 1758205511,
  pushName: 'Jhonny Moncada',
  broadcast: false,
  message: Message {
    conversation: '10004567890',
    messageContextInfo: MessageContextInfo {
      deviceListMetadata: [DeviceListMetadata],
      deviceListMetadataVersion: 2,
      messageSecret: [Uint8Array]
    }
  },
  body: '10004567890',
  name: 'Jhonny Moncada',
  from: '584122888355'
}
[QUEUE_SE_ENVIO]:  {
  ref: 'ans_9ae53c57-20a2-4291-b307-f1a21e4d9f42',
  keyword: 'ans_8ac5cb49-5bfc-41c7-bc8c-1d9c307e49f6',
  answer: '__call_action__',
  options: {
    media: undefined,
    buttons: [],
    capture: false,
    delay: 0,
    idle: undefined,
    ref: undefined,
    nested: [],
    keyword: {},
    callback: true
  },
  refSerialize: 'fd07934617105193eda0687daebfd759'
}
[QUEUE_SE_ENVIO]:  {
  ref: 'ans_9efe4d99-815a-4154-8f06-d8fa11ccc1e8',
  keyword: 'ans_9ae53c57-20a2-4291-b307-f1a21e4d9f42',
  answer: '✅ Gracias por usar nuestro servicio. Si necesitas ayuda de nuevo, escribe *Hola*.',
  options: {
    media: undefined,
    buttons: [],
    capture: false,
    delay: 0,
    idle: undefined,
    ref: undefined,
    nested: [],
    keyword: {},
    callback: true
  },
  refSerialize: 'd3ae2e5bc212c0ee7ed167273bcecf56'
}
[handleMsg]:  {
  key: {
    remoteJid: '584122888355@s.whatsapp.net',
    fromMe: false,
    id: 'AC6F909D5FA458AD8CA4D94E4313CB85',
    participant: undefined
  },
  messageTimestamp: 1758205525,
  pushName: 'Jhonny Moncada',
  broadcast: false,
  message: Message {
    conversation: 'Hola',
    messageContextInfo: MessageContextInfo {
      deviceListMetadata: [DeviceListMetadata],
      deviceListMetadataVersion: 2,
      messageSecret: [Uint8Array]
    }
  },
  body: 'Hola',
  name: 'Jhonny Moncada',
  from: '584122888355'
}
[QUEUE_SE_ENVIO]:  {
  ref: 'ans_b36c194b-49d5-4f68-9011-df101bfd6abc',
  keyword: 'key_69d271f6-4312-4260-8741-3d981548b32e',
  answer: '👋 ¡Bienvenido(a) a Administradora Serdeco C.A.!\n' +
    'Estamos aquí para ayudarte con la gestión y pagos de tus servicios de Aseo Urbano y Relleno Sanitario.\n' +
    'Escribe *Menu* para ver las opciones disponibles.',
  options: {
    media: undefined,
    buttons: [],
    capture: true,
    delay: 0,
    idle: undefined,
    ref: undefined,
    nested: [],
    keyword: {},
    callback: false
  },
  refSerialize: 'efa9fd62e3b568165087303806bb8aa4'
}
[handleMsg]:  {
  key: {
    remoteJid: '584122888355@s.whatsapp.net',
    fromMe: false,
    id: 'AC2D10C148367916ADB8DEF856EC427A',
    participant: undefined
  },
  messageTimestamp: 1758205528,
  pushName: 'Jhonny Moncada',
  broadcast: false,
  message: Message {
    conversation: 'Menu',
    messageContextInfo: MessageContextInfo {
      deviceListMetadata: [DeviceListMetadata],
      deviceListMetadataVersion: 2,
      messageSecret: [Uint8Array]
    }
  },
  body: 'Menu',
  name: 'Jhonny Moncada',
  from: '584122888355'
}
[QUEUE_SE_ENVIO]:  {
  ref: 'ans_ccf2b63b-6081-4dec-944c-fcd005bea01f',
  keyword: 'key_aace13ee-2698-4d67-95e7-db2ca107762a',
  answer: '¿Qué deseas hacer?\n1️⃣ Ver Deuda\n2️⃣ Consultar mi Cuenta Contrato',
  options: {
    media: undefined,
    buttons: [],
    capture: false,
    delay: 0,
    idle: undefined,
    ref: undefined,
    nested: [],
    keyword: {},
    callback: false
  },
  refSerialize: '8315a4020794d232db9ba5d7d304c3f2'
}
[handleMsg]:  {
  key: {
    remoteJid: '584129579516@s.whatsapp.net',
    fromMe: false,
    id: 'AC70741674D59BEF2CF1B816A3CF43C2',
    participant: undefined
  },
  messageTimestamp: 1758205593,
  pushName: 'Genesisdel',
  broadcast: false,
  message: Message {
    conversation: 'Hola',
    messageContextInfo: MessageContextInfo {
      deviceListMetadata: [DeviceListMetadata],
      deviceListMetadataVersion: 2,
      messageSecret: [Uint8Array]
    }
  },
  body: 'Hola',
  name: 'Genesisdel',
  from: '584129579516'
}
[QUEUE_SE_ENVIO]:  {
  ref: 'ans_b36c194b-49d5-4f68-9011-df101bfd6abc',
  keyword: 'key_69d271f6-4312-4260-8741-3d981548b32e',
  answer: '👋 ¡Bienvenido(a) a Administradora Serdeco C.A.!\n' +
    'Estamos aquí para ayudarte con la gestión y pagos de tus servicios de Aseo Urbano y Relleno Sanitario.\n' +
    'Escribe *Menu* para ver las opciones disponibles.',
  options: {
    media: undefined,
    buttons: [],
    capture: true,
    delay: 0,
    idle: undefined,
    ref: undefined,
    nested: [],
    keyword: {},
    callback: false
  },
  refSerialize: 'efa9fd62e3b568165087303806bb8aa4'
}
[handleMsg]:  {
  key: {
    remoteJid: '584129579516@s.whatsapp.net',
    fromMe: false,
    id: 'AC97ED6C8926166E746CB267EACC5C3B',
    participant: undefined
  },
  messageTimestamp: 1758205595,
  pushName: 'Genesisdel',
  broadcast: false,
  message: Message {
    conversation: 'Menu',
    messageContextInfo: MessageContextInfo {
      deviceListMetadata: [DeviceListMetadata],
      deviceListMetadataVersion: 2,
      messageSecret: [Uint8Array]
    }
  },
  body: 'Menu',
  name: 'Genesisdel',
  from: '584129579516'
}
[QUEUE_SE_ENVIO]:  {
  ref: 'ans_ccf2b63b-6081-4dec-944c-fcd005bea01f',
  keyword: 'key_aace13ee-2698-4d67-95e7-db2ca107762a',
  answer: '¿Qué deseas hacer?\n1️⃣ Ver Deuda\n2️⃣ Consultar mi Cuenta Contrato',
  options: {
    media: undefined,
    buttons: [],
    capture: false,
    delay: 0,
    idle: undefined,
    ref: undefined,
    nested: [],
    keyword: {},
    callback: false
  },
  refSerialize: '8315a4020794d232db9ba5d7d304c3f2'
}
[handleMsg]:  {
  key: {
    remoteJid: '584168325363@s.whatsapp.net',
    fromMe: false,
    id: 'AC846E1355477EE0EB9BA7B8C2E4A906',
    participant: undefined
  },
  messageTimestamp: 1758205596,
  pushName: 'jesuseacostaf',
  broadcast: false,
  message: Message {
    conversation: 'Znfnf',
    messageContextInfo: MessageContextInfo {
      deviceListMetadata: [DeviceListMetadata],
      deviceListMetadataVersion: 2,
      messageSecret: [Uint8Array]
    }
  },
  body: 'Znfnf',
  name: 'jesuseacostaf',
  from: '584168325363'
}
[QUEUE_SE_ENVIO]:  {
  ref: 'ans_8ac5cb49-5bfc-41c7-bc8c-1d9c307e49f6',
  keyword: 'key_a3c004b7-ed44-4101-ac6c-d957558e36f7',
  answer: '🔢 Ingresa tu número de cuenta contrato de 12 dígitos:',
  options: {
    media: undefined,
    buttons: [],
    capture: true,
    delay: 0,
    idle: undefined,
    ref: undefined,
    nested: [],
    keyword: {},
    callback: false
  },
  refSerialize: '9837a170adcbe1ce25bdfd1745653151'
}
[handleMsg]:  {
  key: {
    remoteJid: '584129579516@s.whatsapp.net',
    fromMe: false,
    id: 'ACA1024B891E5ABEA397A35C3575B1C7',
    participant: undefined
  },
  messageTimestamp: 1758205597,
  pushName: 'Genesisdel',
  broadcast: false,
  message: Message {
    conversation: '1',
    messageContextInfo: MessageContextInfo {
      deviceListMetadata: [DeviceListMetadata],
      deviceListMetadataVersion: 2,
      messageSecret: [Uint8Array]
    }
  },
  body: '1',
  name: 'Genesisdel',
  from: '584129579516'
}
[QUEUE_SE_ENVIO]:  {
  ref: 'ans_8ac5cb49-5bfc-41c7-bc8c-1d9c307e49f6',
  keyword: 'key_a3c004b7-ed44-4101-ac6c-d957558e36f7',
  answer: '🔢 Ingresa tu número de cuenta contrato de 12 dígitos:',
  options: {
    media: undefined,
    buttons: [],
    capture: true,
    delay: 0,
    idle: undefined,
    ref: undefined,
    nested: [],
    keyword: {},
    callback: false
  },
  refSerialize: '9837a170adcbe1ce25bdfd1745653151'
}
[handleMsg]:  {
  key: {
    remoteJid: '584168325363@s.whatsapp.net',
    fromMe: false,
    id: 'AC8F78FB4C2F1C482666F61A08416478',
    participant: undefined
  },
  messageTimestamp: 1758205599,
  pushName: 'jesuseacostaf',
  broadcast: false,
  message: Message {
    conversation: 'Hola',
    messageContextInfo: MessageContextInfo {
      deviceListMetadata: [DeviceListMetadata],
      deviceListMetadataVersion: 2,
      messageSecret: [Uint8Array]
    }
  },
  body: 'Hola',
  name: 'jesuseacostaf',
  from: '584168325363'
}
[QUEUE_SE_ENVIO]:  {
  ref: 'ans_9ae53c57-20a2-4291-b307-f1a21e4d9f42',
  keyword: 'ans_8ac5cb49-5bfc-41c7-bc8c-1d9c307e49f6',
  answer: '__call_action__',
  options: {
    media: undefined,
    buttons: [],
    capture: false,
    delay: 0,
    idle: undefined,
    ref: undefined,
    nested: [],
    keyword: {},
    callback: true
  },
  refSerialize: 'fd07934617105193eda0687daebfd759'
}
[QUEUE_SE_ENVIO]:  {
  ref: 'ans_9efe4d99-815a-4154-8f06-d8fa11ccc1e8',
  keyword: 'ans_9ae53c57-20a2-4291-b307-f1a21e4d9f42',
  answer: '✅ Gracias por usar nuestro servicio. Si necesitas ayuda de nuevo, escribe *Hola*.',
  options: {
    media: undefined,
    buttons: [],
    capture: false,
    delay: 0,
    idle: undefined,
    ref: undefined,
    nested: [],
    keyword: {},
    callback: true
  },
  refSerialize: 'd3ae2e5bc212c0ee7ed167273bcecf56'
}
[handleMsg]:  {
  key: {
    remoteJid: '584168325363@s.whatsapp.net',
    fromMe: false,
    id: 'AC622FA3C258FBEEAE7B874323E564CF',
    participant: undefined
  },
  messageTimestamp: 1758205609,
  pushName: 'jesuseacostaf',
  broadcast: false,
  message: Message {
    conversation: 'Hola',
    messageContextInfo: MessageContextInfo {
      deviceListMetadata: [DeviceListMetadata],
      deviceListMetadataVersion: 2,
      messageSecret: [Uint8Array]
    }
  },
  body: 'Hola',
  name: 'jesuseacostaf',
  from: '584168325363'
}
[QUEUE_SE_ENVIO]:  {
  ref: 'ans_b36c194b-49d5-4f68-9011-df101bfd6abc',
  keyword: 'key_69d271f6-4312-4260-8741-3d981548b32e',
  answer: '👋 ¡Bienvenido(a) a Administradora Serdeco C.A.!\n' +
    'Estamos aquí para ayudarte con la gestión y pagos de tus servicios de Aseo Urbano y Relleno Sanitario.\n' +
    'Escribe *Menu* para ver las opciones disponibles.',
  options: {
    media: undefined,
    buttons: [],
    capture: true,
    delay: 0,
    idle: undefined,
    ref: undefined,
    nested: [],
    keyword: {},
    callback: false
  },
  refSerialize: 'efa9fd62e3b568165087303806bb8aa4'
}
[handleMsg]:  {
  key: {
    remoteJid: '584129579516@s.whatsapp.net',
    fromMe: false,
    id: 'AC57F0F898A915154B1E0CF50CBCFFA4',
    participant: undefined
  },
  messageTimestamp: 1758205615,
  pushName: 'Genesisdel',
  broadcast: false,
  message: Message {
    conversation: '100003456789',
    messageContextInfo: MessageContextInfo {
      deviceListMetadata: [DeviceListMetadata],
      deviceListMetadataVersion: 2,
      messageSecret: [Uint8Array]
    }
  },
  body: '100003456789',
  name: 'Genesisdel',
  from: '584129579516'
}
[handleMsg]:  {
  key: {
    remoteJid: '584168325363@s.whatsapp.net',
    fromMe: false,
    id: 'ACAD5F59318E77F1FDE84EC88B9CEC06',
    participant: undefined
  },
  messageTimestamp: 1758205615,
  pushName: 'jesuseacostaf',
  broadcast: false,
  message: Message {
    conversation: 'Menu',
    messageContextInfo: MessageContextInfo {
      deviceListMetadata: [DeviceListMetadata],
      deviceListMetadataVersion: 2,
      messageSecret: [Uint8Array]
    }
  },
  body: 'Menu',
  name: 'jesuseacostaf',
  from: '584168325363'
}
[QUEUE_SE_ENVIO]:  {
  ref: 'ans_ccf2b63b-6081-4dec-944c-fcd005bea01f',
  keyword: 'key_aace13ee-2698-4d67-95e7-db2ca107762a',
  answer: '¿Qué deseas hacer?\n1️⃣ Ver Deuda\n2️⃣ Consultar mi Cuenta Contrato',
  options: {
    media: undefined,
    buttons: [],
    capture: false,
    delay: 0,
    idle: undefined,
    ref: undefined,
    nested: [],
    keyword: {},
    callback: false
  },
  refSerialize: '8315a4020794d232db9ba5d7d304c3f2'
}
[QUEUE_SE_ENVIO]:  {
  ref: 'ans_9ae53c57-20a2-4291-b307-f1a21e4d9f42',
  keyword: 'ans_8ac5cb49-5bfc-41c7-bc8c-1d9c307e49f6',
  answer: '__call_action__',
  options: {
    media: undefined,
    buttons: [],
    capture: false,
    delay: 0,
    idle: undefined,
    ref: undefined,
    nested: [],
    keyword: {},
    callback: true
  },
  refSerialize: 'fd07934617105193eda0687daebfd759'
}
[QUEUE_SE_ENVIO]:  {
  ref: 'ans_9efe4d99-815a-4154-8f06-d8fa11ccc1e8',
  keyword: 'ans_9ae53c57-20a2-4291-b307-f1a21e4d9f42',
  answer: '✅ Gracias por usar nuestro servicio. Si necesitas ayuda de nuevo, escribe *Hola*.',
  options: {
    media: undefined,
    buttons: [],
    capture: false,
    delay: 0,
    idle: undefined,
    ref: undefined,
    nested: [],
    keyword: {},
    callback: true
  },
  refSerialize: 'd3ae2e5bc212c0ee7ed167273bcecf56'
}
[handleMsg]:  {
  key: {
    remoteJid: '584168325363@s.whatsapp.net',
    fromMe: false,
    id: 'AC288A51ED293EE574B66B8A5CF723A4',
    participant: undefined
  },
  messageTimestamp: 1758205621,
  pushName: 'jesuseacostaf',
  broadcast: false,
  message: Message {
    conversation: '2',
    messageContextInfo: MessageContextInfo {
      deviceListMetadata: [DeviceListMetadata],
      deviceListMetadataVersion: 2,
      messageSecret: [Uint8Array]
    }
  },
  body: '2',
  name: 'jesuseacostaf',
  from: '584168325363'
}
[QUEUE_SE_ENVIO]:  {
  ref: 'ans_07290ec6-5bc8-4c06-b608-7c383e962d49',
  keyword: 'key_bdce25c1-f340-4098-9b53-b2a5751d822c',
  answer: '🆔 Ingresa tu número de cédula:',
  options: {
    media: undefined,
    buttons: [],
    capture: true,
    delay: 0,
    idle: undefined,
    ref: undefined,
    nested: [],
    keyword: {},
    callback: false
  },
  refSerialize: '7f3b44e24494ca7010e2025a5f55e060'
}
[handleMsg]:  {
  key: {
    remoteJid: '584129579516@s.whatsapp.net',
    fromMe: false,
    id: 'ACA420FAF41D2BFD1031A5D74EC2E88B',
    participant: undefined
  },
  messageTimestamp: 1758205662,
  pushName: 'Genesisdel',
  broadcast: false,
  message: Message {
    conversation: '1',
    messageContextInfo: MessageContextInfo {
      deviceListMetadata: [DeviceListMetadata],
      deviceListMetadataVersion: 2,
      messageSecret: [Uint8Array]
    }
  },
  body: '1',
  name: 'Genesisdel',
  from: '584129579516'
}
[QUEUE_SE_ENVIO]:  {
  ref: 'ans_8ac5cb49-5bfc-41c7-bc8c-1d9c307e49f6',
  keyword: 'key_a3c004b7-ed44-4101-ac6c-d957558e36f7',
  answer: '🔢 Ingresa tu número de cuenta contrato de 12 dígitos:',
  options: {
    media: undefined,
    buttons: [],
    capture: true,
    delay: 0,
    idle: undefined,
    ref: undefined,
    nested: [],
    keyword: {},
    callback: false
  },
  refSerialize: '9837a170adcbe1ce25bdfd1745653151'
}
[handleMsg]:  {
  key: {
    remoteJid: '584129579516@s.whatsapp.net',
    fromMe: false,
    id: 'AC617DFA471A36DA25D5ABDED53945BC',
    participant: undefined
  },
  messageTimestamp: 1758205696,
  pushName: 'Genesisdel',
  broadcast: false,
  message: Message {
    conversation: 'Menu',
    messageContextInfo: MessageContextInfo {
      deviceListMetadata: [DeviceListMetadata],
      deviceListMetadataVersion: 2,
      messageSecret: [Uint8Array]
    }
  },
  body: 'Menu',
  name: 'Genesisdel',
  from: '584129579516'
}
[QUEUE_SE_ENVIO]:  {
  ref: 'ans_9ae53c57-20a2-4291-b307-f1a21e4d9f42',
  keyword: 'ans_8ac5cb49-5bfc-41c7-bc8c-1d9c307e49f6',
  answer: '__call_action__',
  options: {
    media: undefined,
    buttons: [],
    capture: false,
    delay: 0,
    idle: undefined,
    ref: undefined,
    nested: [],
    keyword: {},
    callback: true
  },
  refSerialize: 'fd07934617105193eda0687daebfd759'
}
[QUEUE_SE_ENVIO]:  {
  ref: 'ans_9efe4d99-815a-4154-8f06-d8fa11ccc1e8',
  keyword: 'ans_9ae53c57-20a2-4291-b307-f1a21e4d9f42',
  answer: '✅ Gracias por usar nuestro servicio. Si necesitas ayuda de nuevo, escribe *Hola*.',
  options: {
    media: undefined,
    buttons: [],
    capture: false,
    delay: 0,
    idle: undefined,
    ref: undefined,
    nested: [],
    keyword: {},
    callback: true
  },
  refSerialize: 'd3ae2e5bc212c0ee7ed167273bcecf56'
}
[handleMsg]:  {
  key: {
    remoteJid: '584129579516@s.whatsapp.net',
    fromMe: false,
    id: 'AC8F3D2140241C9E420464D67ADC7AAB',
    participant: undefined
  },
  messageTimestamp: 1758205709,
  pushName: 'Genesisdel',
  broadcast: false,
  message: Message {
    conversation: 'Menu',
    messageContextInfo: MessageContextInfo {
      deviceListMetadata: [DeviceListMetadata],
      deviceListMetadataVersion: 2,
      messageSecret: [Uint8Array]
    }
  },
  body: 'Menu',
  name: 'Genesisdel',
  from: '584129579516'
}
[QUEUE_SE_ENVIO]:  {
  ref: 'ans_ccf2b63b-6081-4dec-944c-fcd005bea01f',
  keyword: 'key_aace13ee-2698-4d67-95e7-db2ca107762a',
  answer: '¿Qué deseas hacer?\n1️⃣ Ver Deuda\n2️⃣ Consultar mi Cuenta Contrato',
  options: {
    media: undefined,
    buttons: [],
    capture: false,
    delay: 0,
    idle: undefined,
    ref: undefined,
    nested: [],
    keyword: {},
    callback: false
  },
  refSerialize: '8315a4020794d232db9ba5d7d304c3f2'
}
